[debug] [2026-05-23T13:35:11.662Z] ----------------------------------------------------------------------
[debug] [2026-05-23T13:35:11.666Z] Command:       /usr/local/bin/node /Users/jamlumauig/.npm-global/bin/firebase init
[debug] [2026-05-23T13:35:11.667Z] CLI Version:   15.18.0
[debug] [2026-05-23T13:35:11.667Z] Platform:      darwin
[debug] [2026-05-23T13:35:11.667Z] Node Version:  v22.16.0
[debug] [2026-05-23T13:35:11.667Z] Time:          Sat May 23 2026 21:35:11 GMT+0800 (Philippine Standard Time)
[debug] [2026-05-23T13:35:11.667Z] ----------------------------------------------------------------------
[debug] 
[debug] [2026-05-23T13:35:11.668Z] >>> [apiv2][query] GET https://firebase-public.firebaseio.com/cli.json [none]
[info] 
     ######## #### ########  ######## ########     ###     ######  ########
     ##        ##  ##     ## ##       ##     ##  ##   ##  ##       ##
     ######    ##  ########  ######   ########  #########  ######  ######
     ##        ##  ##    ##  ##       ##     ## ##     ##       ## ##
     ##       #### ##     ## ######## ########  ##     ##  ######  ########

You're about to initialize a Firebase project in this directory:

  /Users/jamlumauig/jamlumauig.github.io

[debug] [2026-05-23T13:35:12.827Z] <<< [apiv2][status] GET https://firebase-public.firebaseio.com/cli.json 200
[debug] [2026-05-23T13:35:12.827Z] <<< [apiv2][body] GET https://firebase-public.firebaseio.com/cli.json {"cloudBuildErrorAfter":1594252800000,"cloudBuildWarnAfter":1590019200000,"defaultNode10After":1594252800000,"minVersion":"3.0.5","node8DeploysDisabledAfter":1613390400000,"node8RuntimeDisabledAfter":1615809600000,"node8WarnAfter":1600128000000}
[info] 
=== Project Setup
[info] 
[info] First, let's associate this project directory with a Firebase project.
[info] You can create multiple project aliases by running firebase use --add, 
[info] 
[debug] [2026-05-23T13:35:59.283Z] > command requires scopes: ["email","openid","https://www.googleapis.com/auth/cloudplatformprojects.readonly","https://www.googleapis.com/auth/firebase","https://www.googleapis.com/auth/cloud-platform"]
[debug] [2026-05-23T13:35:59.283Z] > authorizing via signed-in user (jamlmg0615@gmail.com)
[debug] [2026-05-23T13:35:59.285Z] Checked if tokens are valid: false, expires at: 1777828337719
[debug] [2026-05-23T13:35:59.286Z] Checked if tokens are valid: false, expires at: 1777828337719
[debug] [2026-05-23T13:35:59.286Z] > refreshing access token with scopes: []
[debug] [2026-05-23T13:35:59.288Z] >>> [apiv2][query] POST https://www.googleapis.com/oauth2/v3/token [none]
[debug] [2026-05-23T13:35:59.288Z] >>> [apiv2][body] POST https://www.googleapis.com/oauth2/v3/token [omitted]
[debug] [2026-05-23T13:35:59.416Z] <<< [apiv2][status] POST https://www.googleapis.com/oauth2/v3/token 400
[debug] [2026-05-23T13:35:59.417Z] <<< [apiv2][body] POST https://www.googleapis.com/oauth2/v3/token [omitted]
[debug] [2026-05-23T13:35:59.417Z] >>> [apiv2][query] GET https://firebase.googleapis.com/v1beta1/projects pageSize=100
[debug] [2026-05-23T13:35:59.863Z] <<< [apiv2][status] GET https://firebase.googleapis.com/v1beta1/projects 401
[debug] [2026-05-23T13:35:59.864Z] <<< [apiv2][body] GET https://firebase.googleapis.com/v1beta1/projects [omitted]
[debug] [2026-05-23T13:35:59.864Z] Got a 401 Unauthenticated error for a call that required authentication. Refreshing tokens.
[debug] [2026-05-23T13:35:59.864Z] Checked if tokens are valid: false, expires at: 1777828337719
[debug] [2026-05-23T13:35:59.864Z] Checked if tokens are valid: false, expires at: 1777828337719
[debug] [2026-05-23T13:35:59.864Z] > refreshing access token with scopes: []
[debug] [2026-05-23T13:35:59.865Z] >>> [apiv2][query] POST https://www.googleapis.com/oauth2/v3/token [none]
[debug] [2026-05-23T13:35:59.865Z] >>> [apiv2][body] POST https://www.googleapis.com/oauth2/v3/token [omitted]
[debug] [2026-05-23T13:35:59.919Z] <<< [apiv2][status] POST https://www.googleapis.com/oauth2/v3/token 400
[debug] [2026-05-23T13:35:59.920Z] <<< [apiv2][body] POST https://www.googleapis.com/oauth2/v3/token [omitted]
[debug] [2026-05-23T13:35:59.921Z] Request to https://firebase.googleapis.com/v1beta1/projects?pageSize=100 had HTTP Error: 401, Request had invalid authentication credentials. Expected OAuth 2 access token, login cookie or other valid authentication credential. See https://developers.google.com/identity/sign-in/web/devconsole-project.
[debug] [2026-05-23T13:36:00.034Z] FirebaseError: Request to https://firebase.googleapis.com/v1beta1/projects?pageSize=100 had HTTP Error: 401, Request had invalid authentication credentials. Expected OAuth 2 access token, login cookie or other valid authentication credential. See https://developers.google.com/identity/sign-in/web/devconsole-project.
    at responseToError (/Users/jamlumauig/.npm-global/lib/node_modules/firebase-tools/lib/responseToError.js:53:12)
    at RetryOperation._fn (/Users/jamlumauig/.npm-global/lib/node_modules/firebase-tools/lib/apiv2.js:333:77)
    at process.processTicksAndRejections (node:internal/process/task_queues:105:5)
[error] 
[error] Error: Failed to list Firebase projects. See firebase-debug.log for more info.
